/*C43*/SET SCHEMA PUBLIC
CONNECT USER SA
/*C44*/SET SCHEMA PUBLIC
CONNECT USER SA
DISCONNECT
/*C45*/SET SCHEMA PUBLIC
CONNECT USER SA
INSERT INTO CLIENTES VALUES(15,'maria souza da rosa','99999999','algumacoisa@coisa')
/*C46*/SET SCHEMA PUBLIC
CONNECT USER SA
DISCONNECT
/*C45*/INSERT INTO CLIENTEFISICO VALUES(15,'123456')
DISCONNECT
/*C47*/SET SCHEMA PUBLIC
CONNECT USER SA
DISCONNECT
/*C48*/SET SCHEMA PUBLIC
CONNECT USER SA
DISCONNECT
/*C49*/SET SCHEMA PUBLIC
CONNECT USER SA
DISCONNECT
/*C50*/SET SCHEMA PUBLIC
CONNECT USER SA
DISCONNECT
/*C51*/SET SCHEMA PUBLIC
CONNECT USER SA
DISCONNECT
/*C52*/SET SCHEMA PUBLIC
CONNECT USER SA
DISCONNECT
/*C53*/SET SCHEMA PUBLIC
CONNECT USER SA
DISCONNECT
/*C54*/SET SCHEMA PUBLIC
CONNECT USER SA
DISCONNECT
/*C55*/SET SCHEMA PUBLIC
CONNECT USER SA
DISCONNECT
/*C56*/SET SCHEMA PUBLIC
CONNECT USER SA
DISCONNECT
/*C57*/SET SCHEMA PUBLIC
CONNECT USER SA
DISCONNECT
/*C58*/SET SCHEMA PUBLIC
CONNECT USER SA
DISCONNECT
/*C59*/SET SCHEMA PUBLIC
CONNECT USER SA
DISCONNECT
/*C60*/SET SCHEMA PUBLIC
CONNECT USER SA
DISCONNECT
/*C61*/SET SCHEMA PUBLIC
CONNECT USER SA
DISCONNECT
/*C62*/SET SCHEMA PUBLIC
CONNECT USER SA
DISCONNECT
/*C63*/SET SCHEMA PUBLIC
CONNECT USER SA
DISCONNECT
/*C64*/SET SCHEMA PUBLIC
CONNECT USER SA
DISCONNECT
/*C65*/SET SCHEMA PUBLIC
CONNECT USER SA
DELETE FROM CLIENTEJURIDICO WHERE CODIGOCLIENTE=12 AND CNPJ='5435343434'
DELETE FROM CLIENTES WHERE ID=12
DISCONNECT
/*C66*/SET SCHEMA PUBLIC
CONNECT USER SA
INSERT INTO CLIENTES VALUES(16,'George Automotiva','321','gorge@gsdfas.com')
/*C67*/SET SCHEMA PUBLIC
CONNECT USER SA
DISCONNECT
/*C66*/INSERT INTO CLIENTEJURIDICO VALUES(16,'123')
DISCONNECT
/*C68*/SET SCHEMA PUBLIC
CONNECT USER SA
INSERT INTO CLIENTES VALUES(17,'Giba','5434423','Giba@Giba.com')
/*C69*/SET SCHEMA PUBLIC
CONNECT USER SA
DISCONNECT
/*C68*/INSERT INTO CLIENTEJURIDICO VALUES(17,'5322435')
DISCONNECT
/*C70*/SET SCHEMA PUBLIC
CONNECT USER SA
DISCONNECT
/*C71*/SET SCHEMA PUBLIC
CONNECT USER SA
DISCONNECT
/*C72*/SET SCHEMA PUBLIC
CONNECT USER SA
DELETE FROM CLIENTEJURIDICO WHERE CODIGOCLIENTE=17 AND CNPJ='5322435'
DELETE FROM CLIENTES WHERE ID=17
DISCONNECT
/*C73*/SET SCHEMA PUBLIC
CONNECT USER SA
DISCONNECT
/*C74*/SET SCHEMA PUBLIC
CONNECT USER SA
DELETE FROM CLIENTEFISICO WHERE CODIGOCLIENTE=15 AND CPF='123456'
DELETE FROM CLIENTES WHERE ID=15
DISCONNECT
/*C75*/SET SCHEMA PUBLIC
CONNECT USER SA
DISCONNECT
/*C76*/SET SCHEMA PUBLIC
CONNECT USER SA
DISCONNECT
/*C77*/SET SCHEMA PUBLIC
CONNECT USER SA
DELETE FROM CLIENTEFISICO WHERE CODIGOCLIENTE=14 AND CPF='42341'
DELETE FROM CLIENTES WHERE ID=14
DISCONNECT
/*C78*/SET SCHEMA PUBLIC
CONNECT USER SA
DISCONNECT
/*C79*/SET SCHEMA PUBLIC
CONNECT USER SA
DISCONNECT
/*C80*/SET SCHEMA PUBLIC
CONNECT USER SA
DISCONNECT
/*C81*/SET SCHEMA PUBLIC
CONNECT USER SA
DISCONNECT
/*C82*/SET SCHEMA PUBLIC
CONNECT USER SA
DISCONNECT
/*C83*/SET SCHEMA PUBLIC
CONNECT USER SA
DISCONNECT
/*C84*/SET SCHEMA PUBLIC
CONNECT USER SA
DISCONNECT
/*C85*/SET SCHEMA PUBLIC
CONNECT USER SA
DISCONNECT
/*C86*/SET SCHEMA PUBLIC
CONNECT USER SA
DISCONNECT
/*C87*/SET SCHEMA PUBLIC
CONNECT USER SA
DISCONNECT
/*C88*/SET SCHEMA PUBLIC
CONNECT USER SA
DISCONNECT
/*C89*/SET SCHEMA PUBLIC
CONNECT USER SA
DISCONNECT
/*C90*/SET SCHEMA PUBLIC
CONNECT USER SA
DISCONNECT
/*C91*/SET SCHEMA PUBLIC
CONNECT USER SA
SET AUTOCOMMIT FALSE
DELETE FROM CLIENTEFISICO WHERE CODIGOCLIENTE=11 AND CPF='1234567890'
INSERT INTO CLIENTEFISICO VALUES(11,'1234567890')
SET AUTOCOMMIT TRUE
SET AUTOCOMMIT FALSE
DELETE FROM CLIENTES WHERE ID=11
INSERT INTO CLIENTES VALUES(11,'Maria Pereira','4324234890','joao@joao.com')
SET AUTOCOMMIT TRUE
DISCONNECT
/*C92*/SET SCHEMA PUBLIC
CONNECT USER SA
SET AUTOCOMMIT FALSE
DELETE FROM CLIENTEFISICO WHERE CODIGOCLIENTE=11 AND CPF='1234567890'
INSERT INTO CLIENTEFISICO VALUES(11,'1234567890')
SET AUTOCOMMIT TRUE
SET AUTOCOMMIT FALSE
DELETE FROM CLIENTES WHERE ID=11
INSERT INTO CLIENTES VALUES(11,'Maria Pereira','4324234890','maria@maria.com')
SET AUTOCOMMIT TRUE
DISCONNECT
/*C93*/SET SCHEMA PUBLIC
CONNECT USER SA
SET AUTOCOMMIT FALSE
DELETE FROM CLIENTEFISICO WHERE CODIGOCLIENTE=11 AND CPF='1234567890'
INSERT INTO CLIENTEFISICO VALUES(11,'123456')
SET AUTOCOMMIT TRUE
SET AUTOCOMMIT FALSE
DELETE FROM CLIENTES WHERE ID=11
INSERT INTO CLIENTES VALUES(11,'Maria Pereira','4324234890','maria@maria.com')
SET AUTOCOMMIT TRUE
DISCONNECT
/*C94*/SET SCHEMA PUBLIC
CONNECT USER SA
DISCONNECT
/*C95*/SET SCHEMA PUBLIC
CONNECT USER SA
DISCONNECT
/*C96*/SET SCHEMA PUBLIC
CONNECT USER SA
DISCONNECT
/*C97*/SET SCHEMA PUBLIC
CONNECT USER SA
DISCONNECT
/*C98*/SET SCHEMA PUBLIC
CONNECT USER SA
SET AUTOCOMMIT FALSE
DELETE FROM CLIENTEJURIDICO WHERE CODIGOCLIENTE=16 AND CNPJ='123'
INSERT INTO CLIENTEJURIDICO VALUES(16,'123')
SET AUTOCOMMIT TRUE
SET AUTOCOMMIT FALSE
DELETE FROM CLIENTES WHERE ID=16
INSERT INTO CLIENTES VALUES(16,'George Automotiva','43434','gorge@gsdfas.com')
SET AUTOCOMMIT TRUE
DISCONNECT
/*C99*/SET SCHEMA PUBLIC
CONNECT USER SA
SET AUTOCOMMIT FALSE
DELETE FROM CLIENTEJURIDICO WHERE CODIGOCLIENTE=16 AND CNPJ='123'
INSERT INTO CLIENTEJURIDICO VALUES(16,'11111111')
SET AUTOCOMMIT TRUE
SET AUTOCOMMIT FALSE
DELETE FROM CLIENTES WHERE ID=16
INSERT INTO CLIENTES VALUES(16,'George Automotiva','1231232331','gorge@gsdfas.com')
SET AUTOCOMMIT TRUE
DISCONNECT
/*C100*/SET SCHEMA PUBLIC
CONNECT USER SA
DISCONNECT
/*C101*/SET SCHEMA PUBLIC
CONNECT USER SA
DISCONNECT
/*C102*/SET SCHEMA PUBLIC
CONNECT USER SA
SET AUTOCOMMIT FALSE
DELETE FROM CLIENTEJURIDICO WHERE CODIGOCLIENTE=16 AND CNPJ='11111111'
INSERT INTO CLIENTEJURIDICO VALUES(16,'99999999')
SET AUTOCOMMIT TRUE
SET AUTOCOMMIT FALSE
DELETE FROM CLIENTES WHERE ID=16
INSERT INTO CLIENTES VALUES(16,'George Automotiva','11111111','gorge@gsdfas.com')
SET AUTOCOMMIT TRUE
DISCONNECT
/*C43*/CREATE TABLE Login(\u000aid INTEGER IDENTITY PRIMARY KEY,\u000alogin varchar(30) not null,\u000asenha varchar(30) not null\u000a)
INSERT INTO LOGIN VALUES(0,'Eder','123')
drop table login
CREATE TABLE Login(\u000alogin varchar(30) PRIMARY KEY,\u000asenha varchar(30) not null\u000a)
/*C103*/SET SCHEMA PUBLIC
CONNECT USER SA
DISCONNECT
/*C43*/INSERT INTO LOGIN VALUES('Eder','123')
/*C104*/SET SCHEMA PUBLIC
CONNECT USER SA
DISCONNECT
/*C105*/SET SCHEMA PUBLIC
CONNECT USER SA
DISCONNECT
/*C106*/SET SCHEMA PUBLIC
CONNECT USER SA
DISCONNECT
/*C107*/SET SCHEMA PUBLIC
CONNECT USER SA
DISCONNECT
/*C108*/SET SCHEMA PUBLIC
CONNECT USER SA
DISCONNECT
/*C109*/SET SCHEMA PUBLIC
CONNECT USER SA
DISCONNECT
/*C110*/SET SCHEMA PUBLIC
CONNECT USER SA
DISCONNECT
/*C111*/SET SCHEMA PUBLIC
CONNECT USER SA
DISCONNECT
/*C112*/SET SCHEMA PUBLIC
CONNECT USER SA
DISCONNECT
/*C113*/SET SCHEMA PUBLIC
CONNECT USER SA
DISCONNECT
/*C114*/SET SCHEMA PUBLIC
CONNECT USER SA
DISCONNECT
/*C115*/SET SCHEMA PUBLIC
CONNECT USER SA
DISCONNECT
/*C116*/SET SCHEMA PUBLIC
CONNECT USER SA
DISCONNECT
/*C117*/SET SCHEMA PUBLIC
CONNECT USER SA
DISCONNECT
/*C118*/SET SCHEMA PUBLIC
CONNECT USER SA
DISCONNECT
/*C119*/SET SCHEMA PUBLIC
CONNECT USER SA
DISCONNECT
/*C120*/SET SCHEMA PUBLIC
CONNECT USER SA
DISCONNECT
/*C121*/SET SCHEMA PUBLIC
CONNECT USER SA
DISCONNECT
/*C122*/SET SCHEMA PUBLIC
CONNECT USER SA
DISCONNECT
/*C123*/SET SCHEMA PUBLIC
CONNECT USER SA
DISCONNECT
/*C124*/SET SCHEMA PUBLIC
CONNECT USER SA
DISCONNECT
/*C125*/SET SCHEMA PUBLIC
CONNECT USER SA
DISCONNECT
/*C126*/SET SCHEMA PUBLIC
CONNECT USER SA
DISCONNECT
/*C127*/SET SCHEMA PUBLIC
CONNECT USER SA
DISCONNECT
/*C128*/SET SCHEMA PUBLIC
CONNECT USER SA
DISCONNECT
/*C129*/SET SCHEMA PUBLIC
CONNECT USER SA
DISCONNECT
/*C130*/SET SCHEMA PUBLIC
CONNECT USER SA
DISCONNECT
/*C131*/SET SCHEMA PUBLIC
CONNECT USER SA
DISCONNECT
/*C132*/SET SCHEMA PUBLIC
CONNECT USER SA
DISCONNECT
/*C133*/SET SCHEMA PUBLIC
CONNECT USER SA
DISCONNECT
/*C134*/SET SCHEMA PUBLIC
CONNECT USER SA
DISCONNECT
/*C135*/SET SCHEMA PUBLIC
CONNECT USER SA
DISCONNECT
